ClearWeatherClock/proguard/seeds.txt
com.cooee.widget.Transkin.ClassicSkin: ClassicSkin()
com.cooee.widget.Transkin.ClassicSkin: int getLayout()
com.cooee.widget.Transkin.ClassicSkin: void updateViews(android.content.Context,int,android.widget.RemoteViews,com.cooee.weather.clientdocking.WeatherEntity)
com.cooee.widget.Transkin.ClassicSkin: void updateTime(android.content.Context,int,android.widget.RemoteViews)
com.kpsh.sdk.KpshActivity
com.kpsh.sdk.KpshActivity: KpshActivity()
com.kpsh.sdk.KpshActivity: void onCreate(android.os.Bundle)
com.kpsh.sdk.KpshActivity: void a(java.lang.String,java.lang.Class[],java.lang.Object[])
com.kpsh.sdk.KpshActivity: void onStart()
com.kpsh.sdk.KpshActivity: void onRestart()
com.kpsh.sdk.KpshActivity: boolean onKeyDown(int,android.view.KeyEvent)
com.kpsh.sdk.KpshActivity: void onResume()
com.kpsh.sdk.KpshActivity: void onPause()
com.kpsh.sdk.KpshActivity: void onStop()
com.kpsh.sdk.KpshActivity: void onConfigurationChanged(android.content.res.Configuration)
com.kpsh.sdk.KpshActivity: void onDestroy()
com.kpsh.sdk.KpshMsg: KpshMsg()
com.kpsh.sdk.KpshMsg: void setMsgTitle(java.lang.String)
com.kpsh.sdk.KpshMsg: void setMsgBody(java.lang.String)
com.kpsh.sdk.KpshMsg: void setMsgId(int)
com.kpsh.sdk.KpshMsg: int getMsgId()
com.kpsh.sdk.KpshMsg: java.lang.String getMsgTitle()
com.kpsh.sdk.KpshMsg: java.lang.String getMsgBody()
com.kpsh.sdk.KpshMsg: void setAllowClear(int)
com.kpsh.sdk.KpshMsg: void setAllowRing(int)
com.kpsh.sdk.KpshMsg: void setAllowVibrate(int)
com.kpsh.sdk.KpshMsg: int getAllowClear()
com.kpsh.sdk.KpshMsg: int getAllowRing()
com.kpsh.sdk.KpshMsg: int getAllowVibrate()
com.kpsh.sdk.KpshReceiver
com.kpsh.sdk.KpshReceiver: KpshReceiver()
com.kpsh.sdk.KpshReceiver: void onReceive(android.content.Context,android.content.Intent)
com.kpsh.sdk.KpshReceiver: void a(android.content.Context,android.content.Intent)
com.kpsh.sdk.KpshReceiver: boolean a(android.content.Context)
com.kpsh.sdk.KpshReceiver: boolean a()
com.kpsh.sdk.KpshSdk: KpshSdk()
com.kpsh.sdk.KpshSdk: boolean isExistSDCard()
com.kpsh.sdk.KpshSdk: void initSdk(android.content.Context)
com.kpsh.sdk.KpshSdk: void startKpshService(android.content.Context)
com.kpsh.sdk.KpshSdk: boolean setAppKpshTag(android.content.Context,java.lang.String)
com.kpsh.sdk.KpshSdk: void setAppKpshForbid(android.content.Context,boolean)
com.kpsh.sdk.KpshSdk: void msgOperationCallback(android.content.Context,int,java.lang.String)
com.kpsh.sdk.KpshSdk: void AppExitNotifyKpsh(android.content.Context)
com.kpsh.sdk.KpshSdk: java.lang.String getModuleVersion(android.content.Context)
com.kpsh.sdk.KpshSdk: java.lang.String getP04(android.content.Context)
com.kpsh.sdk.KpshSdk: java.lang.String getP04FromConfig(android.content.Context)
com.kpsh.sdk.KpshSdk: java.lang.String getP04FromManifest(android.content.Context)
com.kpsh.sdk.KpshSdk: com.kpsh.sdk.KpshMsg stringToKpshMsg(android.os.Bundle)
com.kpsh.sdk.KpshSdk: java.lang.String getPmc(android.content.Context)
com.kpsh.sdk.KpshSdk: java.lang.String getKuwaPmc(android.content.Context)
com.kpsh.sdk.KpshService
com.kpsh.sdk.KpshService: KpshService()
com.kpsh.sdk.KpshService: android.os.IBinder onBind(android.content.Intent)
com.kpsh.sdk.KpshService: boolean onUnbind(android.content.Intent)
com.kpsh.sdk.KpshService: void onCreate()
com.kpsh.sdk.KpshService: int onStartCommand(android.content.Intent,int,int)
com.kpsh.sdk.KpshService: void onDestroy()
com.kpsh.sdk.a: com.kpsh.sdk.a a(android.content.Context)
com.kpsh.sdk.a: java.lang.Class a()
com.kpsh.sdk.a: java.lang.Object b()