ClearWeatherClock/proguard/usage.txt
com.cooee.pinyin4j.hp.hpl.sparta.xpath.AttrEqualsExpr
com.cooee.pinyin4j.hp.hpl.sparta.xpath.AttrExistsExpr
com.cooee.pinyin4j.hp.hpl.sparta.xpath.AttrExpr
com.cooee.pinyin4j.hp.hpl.sparta.xpath.AttrGreaterExpr
com.cooee.pinyin4j.hp.hpl.sparta.xpath.AttrLessExpr
com.cooee.pinyin4j.hp.hpl.sparta.xpath.AttrNotEqualsExpr
com.cooee.pinyin4j.hp.hpl.sparta.xpath.AttrRelationalExpr
com.cooee.pinyin4j.hp.hpl.sparta.xpath.AttrTest
com.cooee.pinyin4j.hp.hpl.sparta.xpath.BooleanExpr
com.cooee.pinyin4j.hp.hpl.sparta.xpath.BooleanExprVisitor
com.cooee.pinyin4j.hp.hpl.sparta.xpath.ElementTest
com.cooee.pinyin4j.hp.hpl.sparta.xpath.ExprFactory
com.cooee.pinyin4j.hp.hpl.sparta.xpath.NodeTest
com.cooee.pinyin4j.hp.hpl.sparta.xpath.NodeTestVisitor
com.cooee.pinyin4j.hp.hpl.sparta.xpath.ParentNodeTest
com.cooee.pinyin4j.hp.hpl.sparta.xpath.PositionEqualsExpr
com.cooee.pinyin4j.hp.hpl.sparta.xpath.SimpleStreamTokenizer
com.cooee.pinyin4j.hp.hpl.sparta.xpath.Step
com.cooee.pinyin4j.hp.hpl.sparta.xpath.TextCompareExpr
com.cooee.pinyin4j.hp.hpl.sparta.xpath.TextEqualsExpr
com.cooee.pinyin4j.hp.hpl.sparta.xpath.TextExistsExpr
com.cooee.pinyin4j.hp.hpl.sparta.xpath.TextNotEqualsExpr
com.cooee.pinyin4j.hp.hpl.sparta.xpath.TextTest
com.cooee.pinyin4j.hp.hpl.sparta.xpath.ThisNodeTest
com.cooee.pinyin4j.hp.hpl.sparta.xpath.TrueExpr
com.cooee.pinyin4j.hp.hpl.sparta.xpath.Visitor
com.cooee.pinyin4j.hp.hpl.sparta.xpath.XPath
com.cooee.pinyin4j.hp.hpl.sparta.xpath.XPathException
com.cooee.pinyin4j.net.sourceforge.pinyin4j.ChineseToPinyinResource
com.cooee.pinyin4j.net.sourceforge.pinyin4j.ChineseToPinyinResource$ChineseToPinyinResourceHolder
com.cooee.pinyin4j.net.sourceforge.pinyin4j.ChineseToPinyinResource$Field
com.cooee.pinyin4j.net.sourceforge.pinyin4j.GwoyeuRomatzyhResource
com.cooee.pinyin4j.net.sourceforge.pinyin4j.GwoyeuRomatzyhResource$GwoyeuRomatzyhSystemResourceHolder
com.cooee.pinyin4j.net.sourceforge.pinyin4j.GwoyeuRomatzyhTranslator
com.cooee.pinyin4j.net.sourceforge.pinyin4j.PinyinFormatter
com.cooee.pinyin4j.net.sourceforge.pinyin4j.PinyinHelper
com.cooee.pinyin4j.net.sourceforge.pinyin4j.PinyinRomanizationResource
com.cooee.pinyin4j.net.sourceforge.pinyin4j.PinyinRomanizationResource$PinyinRomanizationSystemResourceHolder
com.cooee.pinyin4j.net.sourceforge.pinyin4j.PinyinRomanizationTranslator
com.cooee.pinyin4j.net.sourceforge.pinyin4j.PinyinRomanizationType
com.cooee.pinyin4j.net.sourceforge.pinyin4j.ResourceHelper
com.cooee.pinyin4j.net.sourceforge.pinyin4j.TextHelper
com.cooee.pinyin4j.net.sourceforge.pinyin4j.format.HanyuPinyinCaseType
com.cooee.pinyin4j.net.sourceforge.pinyin4j.format.HanyuPinyinOutputFormat
com.cooee.pinyin4j.net.sourceforge.pinyin4j.format.HanyuPinyinToneType
com.cooee.pinyin4j.net.sourceforge.pinyin4j.format.HanyuPinyinVCharType
com.cooee.pinyin4j.net.sourceforge.pinyin4j.format.exception.BadHanyuPinyinOutputFormatCombination
com.cooee.pinyin4j.util.PinYinUtils
com.cooee.shell.checkupdate.CheckCallback
com.cooee.shell.checkupdate.CheckUpdateData
com.cooee.shell.moduleupdate.ConfigData
com.cooee.shell.moduleupdate.MpduleUpdateTask
com.cooee.shell.moduleupdate.ParseConfigXml
com.cooee.shell.moduleupdate.RijndaelCrypt:
    public static final java.lang.String TAG
com.cooee.shell.moduleupdate.UpdateCompleteCb
com.cooee.shell.moduleupdate.b
com.cooee.shell.moduleupdate.c
com.cooee.shell.moduleupdate.d
com.cooee.shell.sdk.AppNameXml:
    private static final java.lang.String fileName
    private static final java.lang.String TAG_APP_LIST
    private static final java.lang.String TAG_APP
    private static final java.lang.String TAG_APP_NAME
    private static final java.lang.String TAG_PACKAGE_NAME
    private static final java.lang.String TAG_VERSION_NAME
    private static final java.lang.String TAG_VERSION_CODE
    private static final java.lang.String TAG_APP_P04